New log file opened at Mon Jan 30 15:06:45 GMT 2017 by 1828@Rominas-MacBook-Pro.local
Taking next connection to: 52029
New client attempting to connect on port: 52030-52029
  Address = /10.10.0.141:52029
This client on port 52030 has uuid 4a1d3366-4715-4e08-bf4b-d4c07c7ddc68 configName activator humanReadableName Activator protocolVersion 3 featureTags Vector()
Connected Clients: activator-4a1d3366-4715-4e08-bf4b-d4c07c7ddc68
Taking next connection to: 52029
New client attempting to connect on port: 52064-52029
  Address = /10.10.0.141:52029
Handshake exception on socket: 52064
sbt.impl.ipc.HandshakeException: Unable to perform handshake
	at sbt.impl.ipc.Peer.handshake(IPC.scala:46)
	at sbt.impl.ipc.MultiClientServer.<init>(IPC.scala:150)
	at sbt.server.SbtServerSocketHandler$$anon$1.run(SbtServerSocketHandler.scala:43)
Caused by: java.io.EOFException
	at java.io.DataInputStream.readInt(DataInputStream.java:392)
	at sbt.impl.ipc.Peer.receive(IPC.scala:95)
	at sbt.impl.ipc.Peer.handshake(IPC.scala:49)
	... 2 more
Taking next connection to: 52029
New client attempting to connect on port: 52065-52029
  Address = /10.10.0.141:52029
This client on port 52065 has uuid aa6979d4-d032-4b49-b8d7-ffa88d01086b configName play-fork-run humanReadableName Play Fork Run protocolVersion 1 featureTags Vector()
Connected Clients: activator-4a1d3366-4715-4e08-bf4b-d4c07c7ddc68, play-fork-run-aa6979d4-d032-4b49-b8d7-ffa88d01086b
Taking next connection to: 52029
Checking to see if clients are empty...
We have 1 non-daemon clients, continuing serving connections.
Taking next connection to: 52029
Checking to see if clients are empty...
We have 1 non-daemon clients, continuing serving connections.
Taking next connection to: 52029
Checking to see if clients are empty...
We have 1 non-daemon clients, continuing serving connections.
Taking next connection to: 52029
